<?xml version="1.0" encoding="UTF-8"?>
<!-- Generated by org.testng.reporters.JUnitReportReporter -->
<testsuite hostname="Saba-Lappy" failures="0" tests="5" name="testCases.ContactPage_Positive_Test_Case" time="41.022" errors="0" timestamp="2023-07-01T19:31:19 AEST" skipped="0">
  <testcase classname="testCases.ContactPage_Positive_Test_Case" name="ContactPagePositiveScenario" time="12.511"/>
  <system-out/>
  <testcase classname="testCases.ContactPage_Positive_Test_Case" name="ContactPagePositiveScenario" time="2.486"/>
  <system-out/>
  <testcase classname="testCases.ContactPage_Positive_Test_Case" name="ContactPagePositiveScenario" time="13.554"/>
  <system-out/>
  <testcase classname="testCases.ContactPage_Positive_Test_Case" name="ContactPagePositiveScenario" time="3.978"/>
  <system-out/>
  <testcase classname="testCases.ContactPage_Positive_Test_Case" name="ContactPagePositiveScenario" time="8.493"/>
  <system-out/>
</testsuite> <!-- testCases.ContactPage_Positive_Test_Case -->
