<?xml version="1.0" encoding="UTF-8"?>
<!-- Generated by org.testng.reporters.JUnitReportReporter -->
<testsuite hostname="Saba-Lappy" failures="0" tests="1" name="testCases.ContactPage_Negative_Test_Case" time="7.872" errors="0" timestamp="2023-07-01T19:31:19 AEST" skipped="0">
  <testcase classname="testCases.ContactPage_Negative_Test_Case" name="ContactPageNegativeScenario" time="7.872"/>
  <system-out/>
</testsuite> <!-- testCases.ContactPage_Negative_Test_Case -->
