<?xml version="1.0" encoding="UTF-8"?>
<!-- Generated by org.testng.reporters.JUnitReportReporter -->
<testsuite hostname="Saba-Lappy" failures="0" tests="1" name="testCases.VerifyMobileSelection" time="4.633" errors="0" timestamp="2023-06-20T13:41:43 AEST" skipped="0">
  <testcase classname="testCases.VerifyMobileSelection" name="VerifySamsungS23Selection" time="4.633"/>
  <system-out/>
</testsuite> <!-- testCases.VerifyMobileSelection -->
