<?xml version="1.0" encoding="UTF-8"?>
<!-- Generated by org.testng.reporters.JUnitReportReporter -->
<testsuite hostname="Saba-Lappy" failures="0" tests="1" name="testCases.Shop_Test_Case" time="1.042" errors="0" timestamp="2023-07-01T19:31:19 AEST" skipped="0">
  <testcase classname="testCases.Shop_Test_Case" name="CartValidations" time="1.042"/>
  <system-out/>
</testsuite> <!-- testCases.Shop_Test_Case -->
